2025-02-07 10:06:57.497 INFO [restartedMain] [org.springframework.boot.StartupInfoLogger.logStarting(StartupInfoLogger.java:53)] - Starting WvmsApiServerApplication using Java 23.0.1 with PID 28148 (C:\Users\Renuka\Documents\GitHub\VoucherManagementSystem\target\classes started by Renuka in C:\Users\Renuka\Documents\GitHub\VoucherManagementSystem)
2025-02-07 10:06:57.514 INFO [restartedMain] [org.springframework.boot.SpringApplication.logStartupProfileInfo(SpringApplication.java:652)] - No active profile set, falling back to 1 default profile: "default"
2025-02-07 10:06:57.581 INFO [restartedMain] [org.springframework.boot.logging.DeferredLog.logTo(DeferredLog.java:252)] - The Class-Path manifest attribute in C:\Users\Renuka\.m2\repository\com\oracle\database\jdbc\ojdbc11\21.9.0.0\ojdbc11-21.9.0.0.jar referenced one or more files that do not exist: file:/C:/Users/Renuka/.m2/repository/com/oracle/database/jdbc/ojdbc11/21.9.0.0/oraclepki.jar
2025-02-07 10:06:57.582 INFO [restartedMain] [org.springframework.boot.logging.DeferredLog.logTo(DeferredLog.java:252)] - Devtools property defaults active! Set 'spring.devtools.add-properties' to 'false' to disable
2025-02-07 10:06:57.583 INFO [restartedMain] [org.springframework.boot.logging.DeferredLog.logTo(DeferredLog.java:252)] - For additional web related logging consider setting the 'logging.level.web' property to 'DEBUG'
2025-02-07 10:06:58.571 INFO [restartedMain] [org.springframework.data.repository.config.RepositoryConfigurationDelegate.registerRepositoriesIn(RepositoryConfigurationDelegate.java:143)] - Bootstrapping Spring Data JPA repositories in DEFAULT mode.
2025-02-07 10:06:58.739 INFO [restartedMain] [org.springframework.data.repository.config.RepositoryConfigurationDelegate.registerRepositoriesIn(RepositoryConfigurationDelegate.java:211)] - Finished Spring Data repository scanning in 157 ms. Found 1 JPA repository interface.
2025-02-07 10:06:59.437 INFO [restartedMain] [org.springframework.boot.web.embedded.tomcat.TomcatWebServer.initialize(TomcatWebServer.java:111)] - Tomcat initialized with port 8080 (http)
2025-02-07 10:06:59.457 INFO [restartedMain] [org.apache.juli.logging.DirectJDKLog.log(DirectJDKLog.java:173)] - Initializing ProtocolHandler ["http-nio-8080"]
2025-02-07 10:06:59.461 INFO [restartedMain] [org.apache.juli.logging.DirectJDKLog.log(DirectJDKLog.java:173)] - Starting service [Tomcat]
2025-02-07 10:06:59.461 INFO [restartedMain] [org.apache.juli.logging.DirectJDKLog.log(DirectJDKLog.java:173)] - Starting Servlet engine: [Apache Tomcat/10.1.34]
2025-02-07 10:06:59.516 INFO [restartedMain] [org.apache.juli.logging.DirectJDKLog.log(DirectJDKLog.java:173)] - Initializing Spring embedded WebApplicationContext
2025-02-07 10:06:59.518 INFO [restartedMain] [org.springframework.boot.web.servlet.context.ServletWebServerApplicationContext.prepareWebApplicationContext(ServletWebServerApplicationContext.java:296)] - Root WebApplicationContext: initialization completed in 1933 ms
2025-02-07 10:06:59.821 WARN [restartedMain] [com.zaxxer.hikari.HikariConfig.validateNumerics(HikariConfig.java:1045)] - HikariPool-1 - maxLifetime is less than 30000ms, setting to default 1800000ms.
2025-02-07 10:06:59.822 INFO [restartedMain] [com.zaxxer.hikari.HikariDataSource.getConnection(HikariDataSource.java:109)] - HikariPool-1 - Starting...
2025-02-07 10:07:00.343 INFO [restartedMain] [com.zaxxer.hikari.pool.HikariPool.checkFailFast(HikariPool.java:554)] - HikariPool-1 - Added connection oracle.jdbc.driver.T4CConnection@7c2eb69f
2025-02-07 10:07:00.346 INFO [restartedMain] [com.zaxxer.hikari.HikariDataSource.getConnection(HikariDataSource.java:122)] - HikariPool-1 - Start completed.
2025-02-07 10:07:00.413 INFO [restartedMain] [org.hibernate.jpa.internal.util.LogHelper.logPersistenceUnitInformation(LogHelper.java:31)] - HHH000204: Processing PersistenceUnitInfo [name: default]
2025-02-07 10:07:00.502 INFO [restartedMain] [org.hibernate.Version.logVersion(Version.java:44)] - HHH000412: Hibernate ORM core version 6.6.4.Final
2025-02-07 10:07:00.552 INFO [restartedMain] [org.hibernate.cache.internal.RegionFactoryInitiator.initiateService(RegionFactoryInitiator.java:50)] - HHH000026: Second-level cache disabled
2025-02-07 10:07:00.900 INFO [restartedMain] [org.springframework.orm.jpa.persistenceunit.SpringPersistenceUnitInfo.addTransformer(SpringPersistenceUnitInfo.java:87)] - No LoadTimeWeaver setup: ignoring JPA class transformer
2025-02-07 10:07:01.196 WARN [restartedMain] [org.hibernate.dialect.Dialect.checkVersion(Dialect.java:354)] - HHH000511: The 18.0.0 version for [org.hibernate.dialect.OracleDialect] is no longer supported, hence certain features may not work properly. The minimum supported version is 19.0.0. Check the community dialects project for available legacy versions.
2025-02-07 10:07:01.289 INFO [restartedMain] [org.hibernate.engine.jdbc.env.internal.JdbcEnvironmentInitiator.initiateService(JdbcEnvironmentInitiator.java:157)] - HHH10001005: Database info:
	Database JDBC URL [Connecting through datasource 'HikariDataSource (HikariPool-1)']
	Database driver: undefined/unknown
	Database version: 18.0
	Autocommit mode: undefined/unknown
	Isolation level: undefined/unknown
	Minimum pool size: undefined/unknown
	Maximum pool size: undefined/unknown
2025-02-07 10:07:02.236 INFO [restartedMain] [org.hibernate.engine.transaction.jta.platform.internal.JtaPlatformInitiator.initiateService(JtaPlatformInitiator.java:59)] - HHH000489: No JTA platform available (set 'hibernate.transaction.jta.platform' to enable JTA platform integration)
2025-02-07 10:07:02.241 INFO [restartedMain] [org.springframework.orm.jpa.AbstractEntityManagerFactoryBean.buildNativeEntityManagerFactory(AbstractEntityManagerFactoryBean.java:447)] - Initialized JPA EntityManagerFactory for persistence unit 'default'
2025-02-07 10:07:02.377 INFO [restartedMain] [org.springframework.beans.factory.annotation.AutowiredAnnotationBeanPostProcessor.lambda$buildAutowiringMetadata$1(AutowiredAnnotationBeanPostProcessor.java:578)] - Autowired annotation is not supported on static fields: private static java.lang.String com.tss.wvms.service.WVMSICPInterface.vmsHome
2025-02-07 10:07:02.379 INFO [restartedMain] [org.springframework.beans.factory.annotation.AutowiredAnnotationBeanPostProcessor.lambda$buildAutowiringMetadata$1(AutowiredAnnotationBeanPostProcessor.java:578)] - Autowired annotation is not supported on static fields: private static java.lang.String com.tss.wvms.service.WVMSICPInterface.vmsCfgDir
2025-02-07 10:07:02.380 INFO [restartedMain] [org.springframework.beans.factory.annotation.AutowiredAnnotationBeanPostProcessor.lambda$buildAutowiringMetadata$1(AutowiredAnnotationBeanPostProcessor.java:578)] - Autowired annotation is not supported on static fields: private static java.lang.String com.tss.wvms.service.WVMSICPInterface.configFilename
2025-02-07 10:07:02.383 INFO [restartedMain] [com.tss.wvms.service.WVMSICPInterface.init(WVMSICPInterface.java:77)] - WVMSICPInterface initialized with config URL: http://example.com/api
2025-02-07 10:07:02.542 WARN [restartedMain] [org.springframework.boot.autoconfigure.orm.jpa.JpaBaseConfiguration$JpaWebConfiguration.openEntityManagerInViewInterceptor(JpaBaseConfiguration.java:241)] - spring.jpa.open-in-view is enabled by default. Therefore, database queries may be performed during view rendering. Explicitly configure spring.jpa.open-in-view to disable this warning
2025-02-07 10:07:03.209 INFO [restartedMain] [org.springframework.boot.devtools.autoconfigure.OptionalLiveReloadServer.startServer(OptionalLiveReloadServer.java:59)] - LiveReload server is running on port 35729
2025-02-07 10:07:03.283 INFO [restartedMain] [org.apache.juli.logging.DirectJDKLog.log(DirectJDKLog.java:173)] - Starting ProtocolHandler ["http-nio-8080"]
2025-02-07 10:07:03.315 INFO [restartedMain] [org.springframework.boot.web.embedded.tomcat.TomcatWebServer.start(TomcatWebServer.java:243)] - Tomcat started on port 8080 (http) with context path '/'
2025-02-07 10:07:03.331 INFO [restartedMain] [org.springframework.boot.StartupInfoLogger.logStarted(StartupInfoLogger.java:59)] - Started WvmsApiServerApplication in 6.286 seconds (process running for 7.426)
2025-02-07 10:07:03.335 INFO [scheduling-1] [com.tss.wvms.generic.Generic.stringToHash(Generic.java:41)] - :::::::::stringToHash:::::::
2025-02-07 10:07:03.335 INFO [scheduling-1] [com.tss.wvms.generic.Generic.stringToHash(Generic.java:42)] - [getTransactionId]:::::::::paramString1::::::::"1","10000","13","1","23","10000","21","1","11","1","27","1","25","1","15","1","19","1"::::::::::paramString2:::::::::,
2025-02-07 10:07:03.337 INFO [scheduling-1] [com.tss.wvms.generic.Generic.stringToHash(Generic.java:48)] - [getTransactionId]::::::::::localHashMap::::::::{11=1, 1=10000, 23=10000, 13=1, 25=1, 15=1, 27=1, 19=1, 21=1}
2025-02-07 10:07:03.337 INFO [scheduling-1] [com.tss.wvms.scheduler.BonusRedeemption.bonusRedeemption(BonusRedeemption.java:75)] - [bonusRedeemption(Scheduler Process)]:::::::::query to retrive the records from TRANSACTION_MAST where STATUS=2:::::::: SELECT SEQ_ID,TRANSACTION_ID,TO_CHAR(REQ_DATE,'DD-MM-YYYY HH24:MI:SS') AS REQ_DATE,SUBSCRIBER_MSISDN,STATUS,BATCH_NUMBER,REQ_MODE,VOUCHER_NUMBER,APPLICABLE_COS,SERVICE_FULFILLMENT_COS,VOUCHER_AMOUNT,SERIAL_NUMBER,RESP_DESC FROM TRANSACTION_MAST WHERE STATUS=2 AND ROWNUM<10
2025-02-07 10:07:04.389 INFO [scheduling-1] [com.tss.wvms.scheduler.VoucherEmail.generateVoucherPrint(VoucherEmail.java:111)] - :::::::::::::::::[generateVoucherPrint]::::::::::::
2025-02-07 10:07:05.411 INFO [scheduling-1] [com.tss.wvms.scheduler.VoucherRedeem.voucherRedeem(VoucherRedeem.java:60)] - :::::::::[voucherRedeem(Scheduler Process)]:::::::::::::::::
2025-02-07 10:07:05.412 INFO [scheduling-1] [com.tss.wvms.generic.Generic.stringToHash(Generic.java:41)] - :::::::::stringToHash:::::::
2025-02-07 10:07:05.413 INFO [scheduling-1] [com.tss.wvms.generic.Generic.stringToHash(Generic.java:42)] - [getTransactionId]:::::::::paramString1::::::::"1","10000","13","1","23","10000","21","1","11","1","27","1","25","1","15","1","19","1"::::::::::paramString2:::::::::,
2025-02-07 10:07:05.413 INFO [scheduling-1] [com.tss.wvms.generic.Generic.stringToHash(Generic.java:48)] - [getTransactionId]::::::::::localHashMap::::::::{11=1, 1=10000, 23=10000, 13=1, 25=1, 15=1, 27=1, 19=1, 21=1}
2025-02-07 10:07:05.413 INFO [scheduling-1] [com.tss.wvms.generic.Generic.stringToHash(Generic.java:41)] - :::::::::stringToHash:::::::
2025-02-07 10:07:05.414 INFO [scheduling-1] [com.tss.wvms.generic.Generic.stringToHash(Generic.java:42)] - [getTransactionId]:::::::::paramString1::::::::"1","10000","23","10000"::::::::::paramString2:::::::::,
2025-02-07 10:07:05.414 INFO [scheduling-1] [com.tss.wvms.generic.Generic.stringToHash(Generic.java:48)] - [getTransactionId]::::::::::localHashMap::::::::{1=10000, 23=10000}
2025-02-07 10:07:05.415 INFO [scheduling-1] [com.tss.wvms.scheduler.VoucherRedeem.voucherRedeem(VoucherRedeem.java:74)] - [voucherRedeem(Scheduler Process)]:::::::::::::query to fetch the transaction details from TRANSACTION_MAST :::::::::::SELECT SEQ_ID,TRANSACTION_ID,to_char(REQ_DATE,'dd-mm-yyyy hh24:mi:ss') as REQ_DATE,SUBSCRIBER_MSISDN,STATUS,BATCH_NUMBER,REQ_MODE,VOUCHER_NUMBER,APPLICABLE_COS,SERVICE_FULFILLMENT_COS,VOUCHER_AMOUNT,SERIAL_NUMBER FROM TRANSACTION_MAST WHERE STATUS=0 and ROWNUM<10
2025-02-07 10:07:06.400 INFO [scheduling-1] [com.tss.wvms.generic.Generic.stringToHash(Generic.java:41)] - :::::::::stringToHash:::::::
2025-02-07 10:07:06.400 INFO [scheduling-1] [com.tss.wvms.generic.Generic.stringToHash(Generic.java:42)] - [getTransactionId]:::::::::paramString1::::::::"1","10000","13","1","23","10000","21","1","11","1","27","1","25","1","15","1","19","1"::::::::::paramString2:::::::::,
2025-02-07 10:07:06.401 INFO [scheduling-1] [com.tss.wvms.generic.Generic.stringToHash(Generic.java:48)] - [getTransactionId]::::::::::localHashMap::::::::{11=1, 1=10000, 23=10000, 13=1, 25=1, 15=1, 27=1, 19=1, 21=1}
2025-02-07 10:07:06.401 INFO [scheduling-1] [com.tss.wvms.scheduler.BonusRedeemption.bonusRedeemption(BonusRedeemption.java:75)] - [bonusRedeemption(Scheduler Process)]:::::::::query to retrive the records from TRANSACTION_MAST where STATUS=2:::::::: SELECT SEQ_ID,TRANSACTION_ID,TO_CHAR(REQ_DATE,'DD-MM-YYYY HH24:MI:SS') AS REQ_DATE,SUBSCRIBER_MSISDN,STATUS,BATCH_NUMBER,REQ_MODE,VOUCHER_NUMBER,APPLICABLE_COS,SERVICE_FULFILLMENT_COS,VOUCHER_AMOUNT,SERIAL_NUMBER,RESP_DESC FROM TRANSACTION_MAST WHERE STATUS=2 AND ROWNUM<10
2025-02-07 10:07:07.434 INFO [scheduling-1] [com.tss.wvms.scheduler.VoucherRedeem.voucherRedeem(VoucherRedeem.java:60)] - :::::::::[voucherRedeem(Scheduler Process)]:::::::::::::::::
2025-02-07 10:07:07.435 INFO [scheduling-1] [com.tss.wvms.generic.Generic.stringToHash(Generic.java:41)] - :::::::::stringToHash:::::::
2025-02-07 10:07:07.436 INFO [scheduling-1] [com.tss.wvms.generic.Generic.stringToHash(Generic.java:42)] - [getTransactionId]:::::::::paramString1::::::::"1","10000","13","1","23","10000","21","1","11","1","27","1","25","1","15","1","19","1"::::::::::paramString2:::::::::,
2025-02-07 10:07:07.436 INFO [scheduling-1] [com.tss.wvms.generic.Generic.stringToHash(Generic.java:48)] - [getTransactionId]::::::::::localHashMap::::::::{11=1, 1=10000, 23=10000, 13=1, 25=1, 15=1, 27=1, 19=1, 21=1}
2025-02-07 10:07:07.437 INFO [scheduling-1] [com.tss.wvms.generic.Generic.stringToHash(Generic.java:41)] - :::::::::stringToHash:::::::
2025-02-07 10:07:07.437 INFO [scheduling-1] [com.tss.wvms.generic.Generic.stringToHash(Generic.java:42)] - [getTransactionId]:::::::::paramString1::::::::"1","10000","23","10000"::::::::::paramString2:::::::::,
2025-02-07 10:07:07.437 INFO [scheduling-1] [com.tss.wvms.generic.Generic.stringToHash(Generic.java:48)] - [getTransactionId]::::::::::localHashMap::::::::{1=10000, 23=10000}
2025-02-07 10:07:07.438 INFO [scheduling-1] [com.tss.wvms.scheduler.VoucherRedeem.voucherRedeem(VoucherRedeem.java:74)] - [voucherRedeem(Scheduler Process)]:::::::::::::query to fetch the transaction details from TRANSACTION_MAST :::::::::::SELECT SEQ_ID,TRANSACTION_ID,to_char(REQ_DATE,'dd-mm-yyyy hh24:mi:ss') as REQ_DATE,SUBSCRIBER_MSISDN,STATUS,BATCH_NUMBER,REQ_MODE,VOUCHER_NUMBER,APPLICABLE_COS,SERVICE_FULFILLMENT_COS,VOUCHER_AMOUNT,SERIAL_NUMBER FROM TRANSACTION_MAST WHERE STATUS=0 and ROWNUM<10
2025-02-07 10:07:08.421 INFO [scheduling-1] [com.tss.wvms.scheduler.VoucherEmail.generateVoucherPrint(VoucherEmail.java:111)] - :::::::::::::::::[generateVoucherPrint]::::::::::::
2025-02-07 10:07:09.461 INFO [scheduling-1] [com.tss.wvms.generic.Generic.stringToHash(Generic.java:41)] - :::::::::stringToHash:::::::
2025-02-07 10:07:09.461 INFO [scheduling-1] [com.tss.wvms.generic.Generic.stringToHash(Generic.java:42)] - [getTransactionId]:::::::::paramString1::::::::"1","10000","13","1","23","10000","21","1","11","1","27","1","25","1","15","1","19","1"::::::::::paramString2:::::::::,
2025-02-07 10:07:09.462 INFO [scheduling-1] [com.tss.wvms.generic.Generic.stringToHash(Generic.java:48)] - [getTransactionId]::::::::::localHashMap::::::::{11=1, 1=10000, 23=10000, 13=1, 25=1, 15=1, 27=1, 19=1, 21=1}
2025-02-07 10:07:09.462 INFO [scheduling-1] [com.tss.wvms.scheduler.BonusRedeemption.bonusRedeemption(BonusRedeemption.java:75)] - [bonusRedeemption(Scheduler Process)]:::::::::query to retrive the records from TRANSACTION_MAST where STATUS=2:::::::: SELECT SEQ_ID,TRANSACTION_ID,TO_CHAR(REQ_DATE,'DD-MM-YYYY HH24:MI:SS') AS REQ_DATE,SUBSCRIBER_MSISDN,STATUS,BATCH_NUMBER,REQ_MODE,VOUCHER_NUMBER,APPLICABLE_COS,SERVICE_FULFILLMENT_COS,VOUCHER_AMOUNT,SERIAL_NUMBER,RESP_DESC FROM TRANSACTION_MAST WHERE STATUS=2 AND ROWNUM<10
2025-02-07 10:07:10.472 INFO [scheduling-1] [com.tss.wvms.scheduler.VoucherRedeem.voucherRedeem(VoucherRedeem.java:60)] - :::::::::[voucherRedeem(Scheduler Process)]:::::::::::::::::
2025-02-07 10:07:10.473 INFO [scheduling-1] [com.tss.wvms.generic.Generic.stringToHash(Generic.java:41)] - :::::::::stringToHash:::::::
2025-02-07 10:07:10.473 INFO [scheduling-1] [com.tss.wvms.generic.Generic.stringToHash(Generic.java:42)] - [getTransactionId]:::::::::paramString1::::::::"1","10000","13","1","23","10000","21","1","11","1","27","1","25","1","15","1","19","1"::::::::::paramString2:::::::::,
2025-02-07 10:07:10.473 INFO [scheduling-1] [com.tss.wvms.generic.Generic.stringToHash(Generic.java:48)] - [getTransactionId]::::::::::localHashMap::::::::{11=1, 1=10000, 23=10000, 13=1, 25=1, 15=1, 27=1, 19=1, 21=1}
2025-02-07 10:07:10.473 INFO [scheduling-1] [com.tss.wvms.generic.Generic.stringToHash(Generic.java:41)] - :::::::::stringToHash:::::::
2025-02-07 10:07:10.473 INFO [scheduling-1] [com.tss.wvms.generic.Generic.stringToHash(Generic.java:42)] - [getTransactionId]:::::::::paramString1::::::::"1","10000","23","10000"::::::::::paramString2:::::::::,
2025-02-07 10:07:10.474 INFO [scheduling-1] [com.tss.wvms.generic.Generic.stringToHash(Generic.java:48)] - [getTransactionId]::::::::::localHashMap::::::::{1=10000, 23=10000}
2025-02-07 10:07:10.474 INFO [scheduling-1] [com.tss.wvms.scheduler.VoucherRedeem.voucherRedeem(VoucherRedeem.java:74)] - [voucherRedeem(Scheduler Process)]:::::::::::::query to fetch the transaction details from TRANSACTION_MAST :::::::::::SELECT SEQ_ID,TRANSACTION_ID,to_char(REQ_DATE,'dd-mm-yyyy hh24:mi:ss') as REQ_DATE,SUBSCRIBER_MSISDN,STATUS,BATCH_NUMBER,REQ_MODE,VOUCHER_NUMBER,APPLICABLE_COS,SERVICE_FULFILLMENT_COS,VOUCHER_AMOUNT,SERIAL_NUMBER FROM TRANSACTION_MAST WHERE STATUS=0 and ROWNUM<10
